2025-11-06 16:05:35,829 [Worker-4: Loading available Gradle versions] INFO  o.e.b.c.i.u.g.PublishedGradleVersions - Gradle version information cache is not available. Remote download required.
2025-11-06 16:06:42,691 [Worker-13: Launching mavenrun-4282a937-c1d4-4efd-ad6c-a8b2ada168ec] INFO  o.eclipse.m2e.core.internal.Bundles - getClasspathEntries(Bundle=org.eclipse.m2e.maven.runtime_3.9.900.20250220-2013 [639])
2025-11-06 16:06:42,696 [Worker-13: Launching mavenrun-4282a937-c1d4-4efd-ad6c-a8b2ada168ec] INFO  o.eclipse.m2e.core.internal.Bundles - 	Entry: C:\Users\biswa\.p2\pool\plugins\org.eclipse.m2e.maven.runtime_3.9.900.20250220-2013
2025-11-06 16:06:42,696 [Worker-13: Launching mavenrun-4282a937-c1d4-4efd-ad6c-a8b2ada168ec] INFO  o.eclipse.m2e.core.internal.Bundles - 	Entry: C:\Users\biswa\.p2\pool\plugins\org.eclipse.m2e.maven.runtime_3.9.900.20250220-2013\jars\aopalliance-1.0.jar
2025-11-06 16:06:42,699 [Worker-13: Launching mavenrun-4282a937-c1d4-4efd-ad6c-a8b2ada168ec] INFO  o.eclipse.m2e.core.internal.Bundles - 	Entry: C:\Users\biswa\.p2\pool\plugins\org.eclipse.m2e.maven.runtime_3.9.900.20250220-2013\jars\guice-5.1.0.jar
2025-11-06 16:06:42,700 [Worker-13: Launching mavenrun-4282a937-c1d4-4efd-ad6c-a8b2ada168ec] INFO  o.eclipse.m2e.core.internal.Bundles - 	Entry: C:\Users\biswa\.p2\pool\plugins\org.eclipse.m2e.maven.runtime_3.9.900.20250220-2013\jars\httpclient-4.5.14.jar
2025-11-06 16:06:42,700 [Worker-13: Launching mavenrun-4282a937-c1d4-4efd-ad6c-a8b2ada168ec] INFO  o.eclipse.m2e.core.internal.Bundles - 	Entry: C:\Users\biswa\.p2\pool\plugins\org.eclipse.m2e.maven.runtime_3.9.900.20250220-2013\jars\httpcore-4.4.16.jar
2025-11-06 16:06:42,700 [Worker-13: Launching mavenrun-4282a937-c1d4-4efd-ad6c-a8b2ada168ec] INFO  o.eclipse.m2e.core.internal.Bundles - 	Entry: C:\Users\biswa\.p2\pool\plugins\org.eclipse.m2e.maven.runtime_3.9.900.20250220-2013\jars\jansi-2.4.1.jar
2025-11-06 16:06:42,700 [Worker-13: Launching mavenrun-4282a937-c1d4-4efd-ad6c-a8b2ada168ec] INFO  o.eclipse.m2e.core.internal.Bundles - 	Entry: C:\Users\biswa\.p2\pool\plugins\org.eclipse.m2e.maven.runtime_3.9.900.20250220-2013\jars\jcl-over-slf4j-1.7.36.jar
2025-11-06 16:06:42,700 [Worker-13: Launching mavenrun-4282a937-c1d4-4efd-ad6c-a8b2ada168ec] INFO  o.eclipse.m2e.core.internal.Bundles - 	Entry: C:\Users\biswa\.p2\pool\plugins\org.eclipse.m2e.maven.runtime_3.9.900.20250220-2013\jars\maven-artifact-3.9.9.jar
2025-11-06 16:06:42,702 [Worker-13: Launching mavenrun-4282a937-c1d4-4efd-ad6c-a8b2ada168ec] INFO  o.eclipse.m2e.core.internal.Bundles - 	Entry: C:\Users\biswa\.p2\pool\plugins\org.eclipse.m2e.maven.runtime_3.9.900.20250220-2013\jars\maven-builder-support-3.9.9.jar
2025-11-06 16:06:42,702 [Worker-13: Launching mavenrun-4282a937-c1d4-4efd-ad6c-a8b2ada168ec] INFO  o.eclipse.m2e.core.internal.Bundles - 	Entry: C:\Users\biswa\.p2\pool\plugins\org.eclipse.m2e.maven.runtime_3.9.900.20250220-2013\jars\maven-compat-3.9.9.jar
2025-11-06 16:06:42,702 [Worker-13: Launching mavenrun-4282a937-c1d4-4efd-ad6c-a8b2ada168ec] INFO  o.eclipse.m2e.core.internal.Bundles - 	Entry: C:\Users\biswa\.p2\pool\plugins\org.eclipse.m2e.maven.runtime_3.9.900.20250220-2013\jars\maven-core-3.9.9.jar
2025-11-06 16:06:42,702 [Worker-13: Launching mavenrun-4282a937-c1d4-4efd-ad6c-a8b2ada168ec] INFO  o.eclipse.m2e.core.internal.Bundles - 	Entry: C:\Users\biswa\.p2\pool\plugins\org.eclipse.m2e.maven.runtime_3.9.900.20250220-2013\jars\maven-embedder-3.9.9.jar
2025-11-06 16:06:42,702 [Worker-13: Launching mavenrun-4282a937-c1d4-4efd-ad6c-a8b2ada168ec] INFO  o.eclipse.m2e.core.internal.Bundles - 	Entry: C:\Users\biswa\.p2\pool\plugins\org.eclipse.m2e.maven.runtime_3.9.900.20250220-2013\jars\maven-model-3.9.9.jar
2025-11-06 16:06:42,702 [Worker-13: Launching mavenrun-4282a937-c1d4-4efd-ad6c-a8b2ada168ec] INFO  o.eclipse.m2e.core.internal.Bundles - 	Entry: C:\Users\biswa\.p2\pool\plugins\org.eclipse.m2e.maven.runtime_3.9.900.20250220-2013\jars\maven-model-builder-3.9.9.jar
2025-11-06 16:06:42,703 [Worker-13: Launching mavenrun-4282a937-c1d4-4efd-ad6c-a8b2ada168ec] INFO  o.eclipse.m2e.core.internal.Bundles - 	Entry: C:\Users\biswa\.p2\pool\plugins\org.eclipse.m2e.maven.runtime_3.9.900.20250220-2013\jars\maven-plugin-api-3.9.9.jar
2025-11-06 16:06:42,703 [Worker-13: Launching mavenrun-4282a937-c1d4-4efd-ad6c-a8b2ada168ec] INFO  o.eclipse.m2e.core.internal.Bundles - 	Entry: C:\Users\biswa\.p2\pool\plugins\org.eclipse.m2e.maven.runtime_3.9.900.20250220-2013\jars\maven-repository-metadata-3.9.9.jar
2025-11-06 16:06:42,703 [Worker-13: Launching mavenrun-4282a937-c1d4-4efd-ad6c-a8b2ada168ec] INFO  o.eclipse.m2e.core.internal.Bundles - 	Entry: C:\Users\biswa\.p2\pool\plugins\org.eclipse.m2e.maven.runtime_3.9.900.20250220-2013\jars\maven-resolver-api-1.9.22.jar
2025-11-06 16:06:42,703 [Worker-13: Launching mavenrun-4282a937-c1d4-4efd-ad6c-a8b2ada168ec] INFO  o.eclipse.m2e.core.internal.Bundles - 	Entry: C:\Users\biswa\.p2\pool\plugins\org.eclipse.m2e.maven.runtime_3.9.900.20250220-2013\jars\maven-resolver-connector-basic-1.9.22.jar
2025-11-06 16:06:42,703 [Worker-13: Launching mavenrun-4282a937-c1d4-4efd-ad6c-a8b2ada168ec] INFO  o.eclipse.m2e.core.internal.Bundles - 	Entry: C:\Users\biswa\.p2\pool\plugins\org.eclipse.m2e.maven.runtime_3.9.900.20250220-2013\jars\maven-resolver-impl-1.9.22.jar
2025-11-06 16:06:42,704 [Worker-13: Launching mavenrun-4282a937-c1d4-4efd-ad6c-a8b2ada168ec] INFO  o.eclipse.m2e.core.internal.Bundles - 	Entry: C:\Users\biswa\.p2\pool\plugins\org.eclipse.m2e.maven.runtime_3.9.900.20250220-2013\jars\maven-resolver-named-locks-1.9.22.jar
2025-11-06 16:06:42,704 [Worker-13: Launching mavenrun-4282a937-c1d4-4efd-ad6c-a8b2ada168ec] INFO  o.eclipse.m2e.core.internal.Bundles - 	Entry: C:\Users\biswa\.p2\pool\plugins\org.eclipse.m2e.maven.runtime_3.9.900.20250220-2013\jars\maven-resolver-provider-3.9.9.jar
2025-11-06 16:06:42,704 [Worker-13: Launching mavenrun-4282a937-c1d4-4efd-ad6c-a8b2ada168ec] INFO  o.eclipse.m2e.core.internal.Bundles - 	Entry: C:\Users\biswa\.p2\pool\plugins\org.eclipse.m2e.maven.runtime_3.9.900.20250220-2013\jars\maven-resolver-spi-1.9.22.jar
2025-11-06 16:06:42,704 [Worker-13: Launching mavenrun-4282a937-c1d4-4efd-ad6c-a8b2ada168ec] INFO  o.eclipse.m2e.core.internal.Bundles - 	Entry: C:\Users\biswa\.p2\pool\plugins\org.eclipse.m2e.maven.runtime_3.9.900.20250220-2013\jars\maven-resolver-transport-file-1.9.22.jar
2025-11-06 16:06:42,704 [Worker-13: Launching mavenrun-4282a937-c1d4-4efd-ad6c-a8b2ada168ec] INFO  o.eclipse.m2e.core.internal.Bundles - 	Entry: C:\Users\biswa\.p2\pool\plugins\org.eclipse.m2e.maven.runtime_3.9.900.20250220-2013\jars\maven-resolver-transport-http-1.9.22.jar
2025-11-06 16:06:42,704 [Worker-13: Launching mavenrun-4282a937-c1d4-4efd-ad6c-a8b2ada168ec] INFO  o.eclipse.m2e.core.internal.Bundles - 	Entry: C:\Users\biswa\.p2\pool\plugins\org.eclipse.m2e.maven.runtime_3.9.900.20250220-2013\jars\maven-resolver-transport-wagon-1.9.22.jar
2025-11-06 16:06:42,705 [Worker-13: Launching mavenrun-4282a937-c1d4-4efd-ad6c-a8b2ada168ec] INFO  o.eclipse.m2e.core.internal.Bundles - 	Entry: C:\Users\biswa\.p2\pool\plugins\org.eclipse.m2e.maven.runtime_3.9.900.20250220-2013\jars\maven-resolver-util-1.9.22.jar
2025-11-06 16:06:42,705 [Worker-13: Launching mavenrun-4282a937-c1d4-4efd-ad6c-a8b2ada168ec] INFO  o.eclipse.m2e.core.internal.Bundles - 	Entry: C:\Users\biswa\.p2\pool\plugins\org.eclipse.m2e.maven.runtime_3.9.900.20250220-2013\jars\maven-settings-3.9.9.jar
2025-11-06 16:06:42,705 [Worker-13: Launching mavenrun-4282a937-c1d4-4efd-ad6c-a8b2ada168ec] INFO  o.eclipse.m2e.core.internal.Bundles - 	Entry: C:\Users\biswa\.p2\pool\plugins\org.eclipse.m2e.maven.runtime_3.9.900.20250220-2013\jars\maven-settings-builder-3.9.9.jar
2025-11-06 16:06:42,705 [Worker-13: Launching mavenrun-4282a937-c1d4-4efd-ad6c-a8b2ada168ec] INFO  o.eclipse.m2e.core.internal.Bundles - 	Entry: C:\Users\biswa\.p2\pool\plugins\org.eclipse.m2e.maven.runtime_3.9.900.20250220-2013\jars\maven-shared-utils-3.4.2.jar
2025-11-06 16:06:42,705 [Worker-13: Launching mavenrun-4282a937-c1d4-4efd-ad6c-a8b2ada168ec] INFO  o.eclipse.m2e.core.internal.Bundles - 	Entry: C:\Users\biswa\.p2\pool\plugins\org.eclipse.m2e.maven.runtime_3.9.900.20250220-2013\jars\org.eclipse.sisu.inject-0.9.0.M3.jar
2025-11-06 16:06:42,706 [Worker-13: Launching mavenrun-4282a937-c1d4-4efd-ad6c-a8b2ada168ec] INFO  o.eclipse.m2e.core.internal.Bundles - 	Entry: C:\Users\biswa\.p2\pool\plugins\org.eclipse.m2e.maven.runtime_3.9.900.20250220-2013\jars\org.eclipse.sisu.plexus-0.9.0.M3.jar
2025-11-06 16:06:42,706 [Worker-13: Launching mavenrun-4282a937-c1d4-4efd-ad6c-a8b2ada168ec] INFO  o.eclipse.m2e.core.internal.Bundles - 	Entry: C:\Users\biswa\.p2\pool\plugins\org.eclipse.m2e.maven.runtime_3.9.900.20250220-2013\jars\plexus-build-api-0.0.7.jar
2025-11-06 16:06:42,706 [Worker-13: Launching mavenrun-4282a937-c1d4-4efd-ad6c-a8b2ada168ec] INFO  o.eclipse.m2e.core.internal.Bundles - 	Entry: C:\Users\biswa\.p2\pool\plugins\org.eclipse.m2e.maven.runtime_3.9.900.20250220-2013\jars\plexus-build-api-1.2.0.jar
2025-11-06 16:06:42,706 [Worker-13: Launching mavenrun-4282a937-c1d4-4efd-ad6c-a8b2ada168ec] INFO  o.eclipse.m2e.core.internal.Bundles - 	Entry: C:\Users\biswa\.p2\pool\plugins\org.eclipse.m2e.maven.runtime_3.9.900.20250220-2013\jars\plexus-cipher-2.0.jar
2025-11-06 16:06:42,706 [Worker-13: Launching mavenrun-4282a937-c1d4-4efd-ad6c-a8b2ada168ec] INFO  o.eclipse.m2e.core.internal.Bundles - 	Entry: C:\Users\biswa\.p2\pool\plugins\org.eclipse.m2e.maven.runtime_3.9.900.20250220-2013\jars\plexus-classworlds-2.8.0.jar
2025-11-06 16:06:42,706 [Worker-13: Launching mavenrun-4282a937-c1d4-4efd-ad6c-a8b2ada168ec] INFO  o.eclipse.m2e.core.internal.Bundles - 	Entry: C:\Users\biswa\.p2\pool\plugins\org.eclipse.m2e.maven.runtime_3.9.900.20250220-2013\jars\plexus-component-annotations-2.1.0.jar
2025-11-06 16:06:42,707 [Worker-13: Launching mavenrun-4282a937-c1d4-4efd-ad6c-a8b2ada168ec] INFO  o.eclipse.m2e.core.internal.Bundles - 	Entry: C:\Users\biswa\.p2\pool\plugins\org.eclipse.m2e.maven.runtime_3.9.900.20250220-2013\jars\plexus-interpolation-1.27.jar
2025-11-06 16:06:42,707 [Worker-13: Launching mavenrun-4282a937-c1d4-4efd-ad6c-a8b2ada168ec] INFO  o.eclipse.m2e.core.internal.Bundles - 	Entry: C:\Users\biswa\.p2\pool\plugins\org.eclipse.m2e.maven.runtime_3.9.900.20250220-2013\jars\plexus-sec-dispatcher-2.0.jar
2025-11-06 16:06:42,707 [Worker-13: Launching mavenrun-4282a937-c1d4-4efd-ad6c-a8b2ada168ec] INFO  o.eclipse.m2e.core.internal.Bundles - 	Entry: C:\Users\biswa\.p2\pool\plugins\org.eclipse.m2e.maven.runtime_3.9.900.20250220-2013\jars\plexus-utils-3.5.1.jar
2025-11-06 16:06:42,707 [Worker-13: Launching mavenrun-4282a937-c1d4-4efd-ad6c-a8b2ada168ec] INFO  o.eclipse.m2e.core.internal.Bundles - 	Entry: C:\Users\biswa\.p2\pool\plugins\org.eclipse.m2e.maven.runtime_3.9.900.20250220-2013\jars\plexus-xml-3.0.1.jar
2025-11-06 16:06:42,707 [Worker-13: Launching mavenrun-4282a937-c1d4-4efd-ad6c-a8b2ada168ec] INFO  o.eclipse.m2e.core.internal.Bundles - 	Entry: C:\Users\biswa\.p2\pool\plugins\org.eclipse.m2e.maven.runtime_3.9.900.20250220-2013\jars\wagon-file-3.5.3.jar
2025-11-06 16:06:42,708 [Worker-13: Launching mavenrun-4282a937-c1d4-4efd-ad6c-a8b2ada168ec] INFO  o.eclipse.m2e.core.internal.Bundles - 	Entry: C:\Users\biswa\.p2\pool\plugins\org.eclipse.m2e.maven.runtime_3.9.900.20250220-2013\jars\wagon-http-3.5.3.jar
2025-11-06 16:06:42,708 [Worker-13: Launching mavenrun-4282a937-c1d4-4efd-ad6c-a8b2ada168ec] INFO  o.eclipse.m2e.core.internal.Bundles - 	Entry: C:\Users\biswa\.p2\pool\plugins\org.eclipse.m2e.maven.runtime_3.9.900.20250220-2013\jars\wagon-http-shared-3.5.3.jar
2025-11-06 16:06:42,708 [Worker-13: Launching mavenrun-4282a937-c1d4-4efd-ad6c-a8b2ada168ec] INFO  o.eclipse.m2e.core.internal.Bundles - 	Entry: C:\Users\biswa\.p2\pool\plugins\org.eclipse.m2e.maven.runtime_3.9.900.20250220-2013\jars\wagon-provider-api-3.5.3.jar
2025-11-06 16:06:42,710 [Worker-13: Launching mavenrun-4282a937-c1d4-4efd-ad6c-a8b2ada168ec] INFO  o.eclipse.m2e.core.internal.Bundles - getClasspathEntries(Bundle=com.google.guava_33.4.8.jre [18])
2025-11-06 16:06:42,711 [Worker-13: Launching mavenrun-4282a937-c1d4-4efd-ad6c-a8b2ada168ec] INFO  o.eclipse.m2e.core.internal.Bundles - 	Entry: C:\Users\biswa\.p2\pool\plugins\com.google.guava_33.4.8.jre.jar
2025-11-06 16:06:42,711 [Worker-13: Launching mavenrun-4282a937-c1d4-4efd-ad6c-a8b2ada168ec] INFO  o.eclipse.m2e.core.internal.Bundles - getClasspathEntries(Bundle=slf4j.api_2.0.17 [1004])
2025-11-06 16:06:42,712 [Worker-13: Launching mavenrun-4282a937-c1d4-4efd-ad6c-a8b2ada168ec] INFO  o.eclipse.m2e.core.internal.Bundles - 	Entry: C:\Users\biswa\.p2\pool\plugins\slf4j.api_2.0.17.jar
2025-11-06 16:06:42,712 [Worker-13: Launching mavenrun-4282a937-c1d4-4efd-ad6c-a8b2ada168ec] INFO  o.eclipse.m2e.core.internal.Bundles - getClasspathEntries(Bundle=jakarta.inject.jakarta.inject-api_1.0.5 [35])
2025-11-06 16:06:42,713 [Worker-13: Launching mavenrun-4282a937-c1d4-4efd-ad6c-a8b2ada168ec] INFO  o.eclipse.m2e.core.internal.Bundles - 	Entry: C:\Users\biswa\.p2\pool\plugins\jakarta.inject.jakarta.inject-api_1.0.5.jar
2025-11-06 16:06:42,713 [Worker-13: Launching mavenrun-4282a937-c1d4-4efd-ad6c-a8b2ada168ec] INFO  o.eclipse.m2e.core.internal.Bundles - getClasspathEntries(Bundle=javax.annotation_1.3.5.v20200909-1856 [45])
2025-11-06 16:06:42,715 [Worker-13: Launching mavenrun-4282a937-c1d4-4efd-ad6c-a8b2ada168ec] INFO  o.eclipse.m2e.core.internal.Bundles - 	Entry: C:\Users\biswa\.p2\pool\plugins\javax.annotation_1.3.5.v20200909-1856.jar
2025-11-06 16:06:42,716 [Worker-13: Launching mavenrun-4282a937-c1d4-4efd-ad6c-a8b2ada168ec] INFO  o.eclipse.m2e.core.internal.Bundles - getClasspathEntries(Bundle=org.apache.commons.cli_1.9.0 [76])
2025-11-06 16:06:42,717 [Worker-13: Launching mavenrun-4282a937-c1d4-4efd-ad6c-a8b2ada168ec] INFO  o.eclipse.m2e.core.internal.Bundles - 	Entry: C:\Users\biswa\.p2\pool\plugins\org.apache.commons.cli_1.9.0.jar
2025-11-06 16:06:42,717 [Worker-13: Launching mavenrun-4282a937-c1d4-4efd-ad6c-a8b2ada168ec] INFO  o.eclipse.m2e.core.internal.Bundles - getClasspathEntries(Bundle=org.apache.commons.commons-codec_1.16.0 [78])
2025-11-06 16:06:42,717 [Worker-13: Launching mavenrun-4282a937-c1d4-4efd-ad6c-a8b2ada168ec] INFO  o.eclipse.m2e.core.internal.Bundles - 	Entry: C:\Users\biswa\.p2\pool\plugins\org.apache.commons.commons-codec_1.16.0.jar
2025-11-06 16:06:42,717 [Worker-13: Launching mavenrun-4282a937-c1d4-4efd-ad6c-a8b2ada168ec] INFO  o.eclipse.m2e.core.internal.Bundles - getClasspathEntries(Bundle=com.google.guava.failureaccess_1.0.3 [19])
2025-11-06 16:06:42,718 [Worker-13: Launching mavenrun-4282a937-c1d4-4efd-ad6c-a8b2ada168ec] INFO  o.eclipse.m2e.core.internal.Bundles - 	Entry: C:\Users\biswa\.p2\pool\plugins\com.google.guava.failureaccess_1.0.3.jar
2025-11-06 16:06:42,724 [Worker-13: Launching mavenrun-4282a937-c1d4-4efd-ad6c-a8b2ada168ec] INFO  o.e.m.i.launch.MavenLaunchDelegate - Run build in "C:\Users\biswa\AppData\Local\Temp\m2e-archetypeGenerator1744211559504187191":
2025-11-06 16:06:42,729 [Worker-13: Launching mavenrun-4282a937-c1d4-4efd-ad6c-a8b2ada168ec] INFO  o.e.m.i.launch.MavenLaunchDelegate -  mvn  -DarchetypeGroupId=org.apache.maven.archetypes -DarchetypeArtifactId=maven-archetype-quickstart -DarchetypeVersion=1.1 -DgroupId=com.kodewala -DartifactId=spring-XML -Dversion=0.0.1-SNAPSHOT -Dpackage=com.kodewala.spring_XML -DoutputDirectory=D:\SpringXML -Dstyle.color=always -U archetype:generate
2025-11-06 16:06:53,690 [Worker-17: Creating maven-archetype-quickstart] INFO  o.e.m.c.i.p.ProjectConfigurationManager - Collecting project info '/pom.xml' D:\SpringXML\spring-XML\pom.xml
2025-11-06 16:06:54,427 [Worker-17: Creating maven-archetype-quickstart] INFO  o.e.m.c.i.l.LifecycleMappingFactory - Using org.eclipse.m2e.jdt.JarLifecycleMapping lifecycle mapping for MavenProject: com.kodewala:spring-XML:0.0.1-SNAPSHOT @ D:\SpringXML\spring-XML\pom.xml.
2025-11-06 16:06:55,315 [Worker-17: Creating maven-archetype-quickstart] INFO  o.e.m.j.i.AbstractJavaProjectConfigurator - Adding source folder /spring-XML/src/main/java
2025-11-06 16:06:55,317 [Worker-17: Creating maven-archetype-quickstart] INFO  o.e.m.j.i.AbstractJavaProjectConfigurator - Adding resource folder /spring-XML/src/main/resources
2025-11-06 16:06:55,321 [Worker-17: Creating maven-archetype-quickstart] INFO  o.e.m.j.i.AbstractJavaProjectConfigurator - Adding source folder /spring-XML/src/test/java
2025-11-06 16:06:55,322 [Worker-17: Creating maven-archetype-quickstart] INFO  o.e.m.j.i.AbstractJavaProjectConfigurator - Adding resource folder /spring-XML/src/test/resources
2025-11-06 16:06:55,481 [Worker-17: Creating maven-archetype-quickstart] INFO  o.e.m.c.i.p.ProjectConfigurationManager - Imported and configured 1 project(s) in 1 sec
2025-11-06 16:06:56,875 [Worker-7: Building] INFO  o.a.m.s.f.DefaultMavenResourcesFiltering - skip non existing resourceDirectory D:\SpringXML\spring-XML\src\main\resources
2025-11-06 16:06:56,880 [Worker-7: Building] INFO  o.a.m.s.f.DefaultMavenResourcesFiltering - skip non existing resourceDirectory D:\SpringXML\spring-XML\src\test\resources
2025-11-06 16:09:11,088 [Worker-15: Building] INFO  o.a.m.s.f.DefaultMavenResourcesFiltering - skip non existing resourceDirectory D:\SpringXML\spring-XML\src\main\resources
2025-11-06 16:09:11,090 [Worker-15: Building] INFO  o.a.m.s.f.DefaultMavenResourcesFiltering - skip non existing resourceDirectory D:\SpringXML\spring-XML\src\test\resources
2025-11-06 16:11:05,050 [Worker-0: Launching mavenrun-48de8c89-e2e2-4190-a3e2-ceb4f04c62a5] INFO  o.eclipse.m2e.core.internal.Bundles - getClasspathEntries(Bundle=org.eclipse.m2e.maven.runtime_3.9.900.20250220-2013 [639])
2025-11-06 16:11:05,051 [Worker-0: Launching mavenrun-48de8c89-e2e2-4190-a3e2-ceb4f04c62a5] INFO  o.eclipse.m2e.core.internal.Bundles - 	Entry: C:\Users\biswa\.p2\pool\plugins\org.eclipse.m2e.maven.runtime_3.9.900.20250220-2013
2025-11-06 16:11:05,051 [Worker-0: Launching mavenrun-48de8c89-e2e2-4190-a3e2-ceb4f04c62a5] INFO  o.eclipse.m2e.core.internal.Bundles - 	Entry: C:\Users\biswa\.p2\pool\plugins\org.eclipse.m2e.maven.runtime_3.9.900.20250220-2013\jars\aopalliance-1.0.jar
2025-11-06 16:11:05,052 [Worker-0: Launching mavenrun-48de8c89-e2e2-4190-a3e2-ceb4f04c62a5] INFO  o.eclipse.m2e.core.internal.Bundles - 	Entry: C:\Users\biswa\.p2\pool\plugins\org.eclipse.m2e.maven.runtime_3.9.900.20250220-2013\jars\guice-5.1.0.jar
2025-11-06 16:11:05,052 [Worker-0: Launching mavenrun-48de8c89-e2e2-4190-a3e2-ceb4f04c62a5] INFO  o.eclipse.m2e.core.internal.Bundles - 	Entry: C:\Users\biswa\.p2\pool\plugins\org.eclipse.m2e.maven.runtime_3.9.900.20250220-2013\jars\httpclient-4.5.14.jar
2025-11-06 16:11:05,053 [Worker-0: Launching mavenrun-48de8c89-e2e2-4190-a3e2-ceb4f04c62a5] INFO  o.eclipse.m2e.core.internal.Bundles - 	Entry: C:\Users\biswa\.p2\pool\plugins\org.eclipse.m2e.maven.runtime_3.9.900.20250220-2013\jars\httpcore-4.4.16.jar
2025-11-06 16:11:05,053 [Worker-0: Launching mavenrun-48de8c89-e2e2-4190-a3e2-ceb4f04c62a5] INFO  o.eclipse.m2e.core.internal.Bundles - 	Entry: C:\Users\biswa\.p2\pool\plugins\org.eclipse.m2e.maven.runtime_3.9.900.20250220-2013\jars\jansi-2.4.1.jar
2025-11-06 16:11:05,053 [Worker-0: Launching mavenrun-48de8c89-e2e2-4190-a3e2-ceb4f04c62a5] INFO  o.eclipse.m2e.core.internal.Bundles - 	Entry: C:\Users\biswa\.p2\pool\plugins\org.eclipse.m2e.maven.runtime_3.9.900.20250220-2013\jars\jcl-over-slf4j-1.7.36.jar
2025-11-06 16:11:05,053 [Worker-0: Launching mavenrun-48de8c89-e2e2-4190-a3e2-ceb4f04c62a5] INFO  o.eclipse.m2e.core.internal.Bundles - 	Entry: C:\Users\biswa\.p2\pool\plugins\org.eclipse.m2e.maven.runtime_3.9.900.20250220-2013\jars\maven-artifact-3.9.9.jar
2025-11-06 16:11:05,054 [Worker-0: Launching mavenrun-48de8c89-e2e2-4190-a3e2-ceb4f04c62a5] INFO  o.eclipse.m2e.core.internal.Bundles - 	Entry: C:\Users\biswa\.p2\pool\plugins\org.eclipse.m2e.maven.runtime_3.9.900.20250220-2013\jars\maven-builder-support-3.9.9.jar
2025-11-06 16:11:05,054 [Worker-0: Launching mavenrun-48de8c89-e2e2-4190-a3e2-ceb4f04c62a5] INFO  o.eclipse.m2e.core.internal.Bundles - 	Entry: C:\Users\biswa\.p2\pool\plugins\org.eclipse.m2e.maven.runtime_3.9.900.20250220-2013\jars\maven-compat-3.9.9.jar
2025-11-06 16:11:05,054 [Worker-0: Launching mavenrun-48de8c89-e2e2-4190-a3e2-ceb4f04c62a5] INFO  o.eclipse.m2e.core.internal.Bundles - 	Entry: C:\Users\biswa\.p2\pool\plugins\org.eclipse.m2e.maven.runtime_3.9.900.20250220-2013\jars\maven-core-3.9.9.jar
2025-11-06 16:11:05,054 [Worker-0: Launching mavenrun-48de8c89-e2e2-4190-a3e2-ceb4f04c62a5] INFO  o.eclipse.m2e.core.internal.Bundles - 	Entry: C:\Users\biswa\.p2\pool\plugins\org.eclipse.m2e.maven.runtime_3.9.900.20250220-2013\jars\maven-embedder-3.9.9.jar
2025-11-06 16:11:05,054 [Worker-0: Launching mavenrun-48de8c89-e2e2-4190-a3e2-ceb4f04c62a5] INFO  o.eclipse.m2e.core.internal.Bundles - 	Entry: C:\Users\biswa\.p2\pool\plugins\org.eclipse.m2e.maven.runtime_3.9.900.20250220-2013\jars\maven-model-3.9.9.jar
2025-11-06 16:11:05,055 [Worker-0: Launching mavenrun-48de8c89-e2e2-4190-a3e2-ceb4f04c62a5] INFO  o.eclipse.m2e.core.internal.Bundles - 	Entry: C:\Users\biswa\.p2\pool\plugins\org.eclipse.m2e.maven.runtime_3.9.900.20250220-2013\jars\maven-model-builder-3.9.9.jar
2025-11-06 16:11:05,055 [Worker-0: Launching mavenrun-48de8c89-e2e2-4190-a3e2-ceb4f04c62a5] INFO  o.eclipse.m2e.core.internal.Bundles - 	Entry: C:\Users\biswa\.p2\pool\plugins\org.eclipse.m2e.maven.runtime_3.9.900.20250220-2013\jars\maven-plugin-api-3.9.9.jar
2025-11-06 16:11:05,055 [Worker-0: Launching mavenrun-48de8c89-e2e2-4190-a3e2-ceb4f04c62a5] INFO  o.eclipse.m2e.core.internal.Bundles - 	Entry: C:\Users\biswa\.p2\pool\plugins\org.eclipse.m2e.maven.runtime_3.9.900.20250220-2013\jars\maven-repository-metadata-3.9.9.jar
2025-11-06 16:11:05,055 [Worker-0: Launching mavenrun-48de8c89-e2e2-4190-a3e2-ceb4f04c62a5] INFO  o.eclipse.m2e.core.internal.Bundles - 	Entry: C:\Users\biswa\.p2\pool\plugins\org.eclipse.m2e.maven.runtime_3.9.900.20250220-2013\jars\maven-resolver-api-1.9.22.jar
2025-11-06 16:11:05,056 [Worker-0: Launching mavenrun-48de8c89-e2e2-4190-a3e2-ceb4f04c62a5] INFO  o.eclipse.m2e.core.internal.Bundles - 	Entry: C:\Users\biswa\.p2\pool\plugins\org.eclipse.m2e.maven.runtime_3.9.900.20250220-2013\jars\maven-resolver-connector-basic-1.9.22.jar
2025-11-06 16:11:05,056 [Worker-0: Launching mavenrun-48de8c89-e2e2-4190-a3e2-ceb4f04c62a5] INFO  o.eclipse.m2e.core.internal.Bundles - 	Entry: C:\Users\biswa\.p2\pool\plugins\org.eclipse.m2e.maven.runtime_3.9.900.20250220-2013\jars\maven-resolver-impl-1.9.22.jar
2025-11-06 16:11:05,056 [Worker-0: Launching mavenrun-48de8c89-e2e2-4190-a3e2-ceb4f04c62a5] INFO  o.eclipse.m2e.core.internal.Bundles - 	Entry: C:\Users\biswa\.p2\pool\plugins\org.eclipse.m2e.maven.runtime_3.9.900.20250220-2013\jars\maven-resolver-named-locks-1.9.22.jar
2025-11-06 16:11:05,057 [Worker-0: Launching mavenrun-48de8c89-e2e2-4190-a3e2-ceb4f04c62a5] INFO  o.eclipse.m2e.core.internal.Bundles - 	Entry: C:\Users\biswa\.p2\pool\plugins\org.eclipse.m2e.maven.runtime_3.9.900.20250220-2013\jars\maven-resolver-provider-3.9.9.jar
2025-11-06 16:11:05,057 [Worker-0: Launching mavenrun-48de8c89-e2e2-4190-a3e2-ceb4f04c62a5] INFO  o.eclipse.m2e.core.internal.Bundles - 	Entry: C:\Users\biswa\.p2\pool\plugins\org.eclipse.m2e.maven.runtime_3.9.900.20250220-2013\jars\maven-resolver-spi-1.9.22.jar
2025-11-06 16:11:05,057 [Worker-0: Launching mavenrun-48de8c89-e2e2-4190-a3e2-ceb4f04c62a5] INFO  o.eclipse.m2e.core.internal.Bundles - 	Entry: C:\Users\biswa\.p2\pool\plugins\org.eclipse.m2e.maven.runtime_3.9.900.20250220-2013\jars\maven-resolver-transport-file-1.9.22.jar
2025-11-06 16:11:05,058 [Worker-0: Launching mavenrun-48de8c89-e2e2-4190-a3e2-ceb4f04c62a5] INFO  o.eclipse.m2e.core.internal.Bundles - 	Entry: C:\Users\biswa\.p2\pool\plugins\org.eclipse.m2e.maven.runtime_3.9.900.20250220-2013\jars\maven-resolver-transport-http-1.9.22.jar
2025-11-06 16:11:05,058 [Worker-0: Launching mavenrun-48de8c89-e2e2-4190-a3e2-ceb4f04c62a5] INFO  o.eclipse.m2e.core.internal.Bundles - 	Entry: C:\Users\biswa\.p2\pool\plugins\org.eclipse.m2e.maven.runtime_3.9.900.20250220-2013\jars\maven-resolver-transport-wagon-1.9.22.jar
2025-11-06 16:11:05,059 [Worker-0: Launching mavenrun-48de8c89-e2e2-4190-a3e2-ceb4f04c62a5] INFO  o.eclipse.m2e.core.internal.Bundles - 	Entry: C:\Users\biswa\.p2\pool\plugins\org.eclipse.m2e.maven.runtime_3.9.900.20250220-2013\jars\maven-resolver-util-1.9.22.jar
2025-11-06 16:11:05,059 [Worker-0: Launching mavenrun-48de8c89-e2e2-4190-a3e2-ceb4f04c62a5] INFO  o.eclipse.m2e.core.internal.Bundles - 	Entry: C:\Users\biswa\.p2\pool\plugins\org.eclipse.m2e.maven.runtime_3.9.900.20250220-2013\jars\maven-settings-3.9.9.jar
2025-11-06 16:11:05,059 [Worker-0: Launching mavenrun-48de8c89-e2e2-4190-a3e2-ceb4f04c62a5] INFO  o.eclipse.m2e.core.internal.Bundles - 	Entry: C:\Users\biswa\.p2\pool\plugins\org.eclipse.m2e.maven.runtime_3.9.900.20250220-2013\jars\maven-settings-builder-3.9.9.jar
2025-11-06 16:11:05,059 [Worker-0: Launching mavenrun-48de8c89-e2e2-4190-a3e2-ceb4f04c62a5] INFO  o.eclipse.m2e.core.internal.Bundles - 	Entry: C:\Users\biswa\.p2\pool\plugins\org.eclipse.m2e.maven.runtime_3.9.900.20250220-2013\jars\maven-shared-utils-3.4.2.jar
2025-11-06 16:11:05,060 [Worker-0: Launching mavenrun-48de8c89-e2e2-4190-a3e2-ceb4f04c62a5] INFO  o.eclipse.m2e.core.internal.Bundles - 	Entry: C:\Users\biswa\.p2\pool\plugins\org.eclipse.m2e.maven.runtime_3.9.900.20250220-2013\jars\org.eclipse.sisu.inject-0.9.0.M3.jar
2025-11-06 16:11:05,060 [Worker-0: Launching mavenrun-48de8c89-e2e2-4190-a3e2-ceb4f04c62a5] INFO  o.eclipse.m2e.core.internal.Bundles - 	Entry: C:\Users\biswa\.p2\pool\plugins\org.eclipse.m2e.maven.runtime_3.9.900.20250220-2013\jars\org.eclipse.sisu.plexus-0.9.0.M3.jar
2025-11-06 16:11:05,060 [Worker-0: Launching mavenrun-48de8c89-e2e2-4190-a3e2-ceb4f04c62a5] INFO  o.eclipse.m2e.core.internal.Bundles - 	Entry: C:\Users\biswa\.p2\pool\plugins\org.eclipse.m2e.maven.runtime_3.9.900.20250220-2013\jars\plexus-build-api-0.0.7.jar
2025-11-06 16:11:05,061 [Worker-0: Launching mavenrun-48de8c89-e2e2-4190-a3e2-ceb4f04c62a5] INFO  o.eclipse.m2e.core.internal.Bundles - 	Entry: C:\Users\biswa\.p2\pool\plugins\org.eclipse.m2e.maven.runtime_3.9.900.20250220-2013\jars\plexus-build-api-1.2.0.jar
2025-11-06 16:11:05,061 [Worker-0: Launching mavenrun-48de8c89-e2e2-4190-a3e2-ceb4f04c62a5] INFO  o.eclipse.m2e.core.internal.Bundles - 	Entry: C:\Users\biswa\.p2\pool\plugins\org.eclipse.m2e.maven.runtime_3.9.900.20250220-2013\jars\plexus-cipher-2.0.jar
2025-11-06 16:11:05,061 [Worker-0: Launching mavenrun-48de8c89-e2e2-4190-a3e2-ceb4f04c62a5] INFO  o.eclipse.m2e.core.internal.Bundles - 	Entry: C:\Users\biswa\.p2\pool\plugins\org.eclipse.m2e.maven.runtime_3.9.900.20250220-2013\jars\plexus-classworlds-2.8.0.jar
2025-11-06 16:11:05,062 [Worker-0: Launching mavenrun-48de8c89-e2e2-4190-a3e2-ceb4f04c62a5] INFO  o.eclipse.m2e.core.internal.Bundles - 	Entry: C:\Users\biswa\.p2\pool\plugins\org.eclipse.m2e.maven.runtime_3.9.900.20250220-2013\jars\plexus-component-annotations-2.1.0.jar
2025-11-06 16:11:05,062 [Worker-0: Launching mavenrun-48de8c89-e2e2-4190-a3e2-ceb4f04c62a5] INFO  o.eclipse.m2e.core.internal.Bundles - 	Entry: C:\Users\biswa\.p2\pool\plugins\org.eclipse.m2e.maven.runtime_3.9.900.20250220-2013\jars\plexus-interpolation-1.27.jar
2025-11-06 16:11:05,063 [Worker-0: Launching mavenrun-48de8c89-e2e2-4190-a3e2-ceb4f04c62a5] INFO  o.eclipse.m2e.core.internal.Bundles - 	Entry: C:\Users\biswa\.p2\pool\plugins\org.eclipse.m2e.maven.runtime_3.9.900.20250220-2013\jars\plexus-sec-dispatcher-2.0.jar
2025-11-06 16:11:05,064 [Worker-0: Launching mavenrun-48de8c89-e2e2-4190-a3e2-ceb4f04c62a5] INFO  o.eclipse.m2e.core.internal.Bundles - 	Entry: C:\Users\biswa\.p2\pool\plugins\org.eclipse.m2e.maven.runtime_3.9.900.20250220-2013\jars\plexus-utils-3.5.1.jar
2025-11-06 16:11:05,064 [Worker-0: Launching mavenrun-48de8c89-e2e2-4190-a3e2-ceb4f04c62a5] INFO  o.eclipse.m2e.core.internal.Bundles - 	Entry: C:\Users\biswa\.p2\pool\plugins\org.eclipse.m2e.maven.runtime_3.9.900.20250220-2013\jars\plexus-xml-3.0.1.jar
2025-11-06 16:11:05,065 [Worker-0: Launching mavenrun-48de8c89-e2e2-4190-a3e2-ceb4f04c62a5] INFO  o.eclipse.m2e.core.internal.Bundles - 	Entry: C:\Users\biswa\.p2\pool\plugins\org.eclipse.m2e.maven.runtime_3.9.900.20250220-2013\jars\wagon-file-3.5.3.jar
2025-11-06 16:11:05,065 [Worker-0: Launching mavenrun-48de8c89-e2e2-4190-a3e2-ceb4f04c62a5] INFO  o.eclipse.m2e.core.internal.Bundles - 	Entry: C:\Users\biswa\.p2\pool\plugins\org.eclipse.m2e.maven.runtime_3.9.900.20250220-2013\jars\wagon-http-3.5.3.jar
2025-11-06 16:11:05,065 [Worker-0: Launching mavenrun-48de8c89-e2e2-4190-a3e2-ceb4f04c62a5] INFO  o.eclipse.m2e.core.internal.Bundles - 	Entry: C:\Users\biswa\.p2\pool\plugins\org.eclipse.m2e.maven.runtime_3.9.900.20250220-2013\jars\wagon-http-shared-3.5.3.jar
2025-11-06 16:11:05,065 [Worker-0: Launching mavenrun-48de8c89-e2e2-4190-a3e2-ceb4f04c62a5] INFO  o.eclipse.m2e.core.internal.Bundles - 	Entry: C:\Users\biswa\.p2\pool\plugins\org.eclipse.m2e.maven.runtime_3.9.900.20250220-2013\jars\wagon-provider-api-3.5.3.jar
2025-11-06 16:11:05,066 [Worker-0: Launching mavenrun-48de8c89-e2e2-4190-a3e2-ceb4f04c62a5] INFO  o.eclipse.m2e.core.internal.Bundles - getClasspathEntries(Bundle=com.google.guava_33.4.8.jre [18])
2025-11-06 16:11:05,066 [Worker-0: Launching mavenrun-48de8c89-e2e2-4190-a3e2-ceb4f04c62a5] INFO  o.eclipse.m2e.core.internal.Bundles - 	Entry: C:\Users\biswa\.p2\pool\plugins\com.google.guava_33.4.8.jre.jar
2025-11-06 16:11:05,067 [Worker-0: Launching mavenrun-48de8c89-e2e2-4190-a3e2-ceb4f04c62a5] INFO  o.eclipse.m2e.core.internal.Bundles - getClasspathEntries(Bundle=slf4j.api_2.0.17 [1004])
2025-11-06 16:11:05,067 [Worker-0: Launching mavenrun-48de8c89-e2e2-4190-a3e2-ceb4f04c62a5] INFO  o.eclipse.m2e.core.internal.Bundles - 	Entry: C:\Users\biswa\.p2\pool\plugins\slf4j.api_2.0.17.jar
2025-11-06 16:11:05,067 [Worker-0: Launching mavenrun-48de8c89-e2e2-4190-a3e2-ceb4f04c62a5] INFO  o.eclipse.m2e.core.internal.Bundles - getClasspathEntries(Bundle=jakarta.inject.jakarta.inject-api_1.0.5 [35])
2025-11-06 16:11:05,068 [Worker-0: Launching mavenrun-48de8c89-e2e2-4190-a3e2-ceb4f04c62a5] INFO  o.eclipse.m2e.core.internal.Bundles - 	Entry: C:\Users\biswa\.p2\pool\plugins\jakarta.inject.jakarta.inject-api_1.0.5.jar
2025-11-06 16:11:05,068 [Worker-0: Launching mavenrun-48de8c89-e2e2-4190-a3e2-ceb4f04c62a5] INFO  o.eclipse.m2e.core.internal.Bundles - getClasspathEntries(Bundle=javax.annotation_1.3.5.v20200909-1856 [45])
2025-11-06 16:11:05,069 [Worker-0: Launching mavenrun-48de8c89-e2e2-4190-a3e2-ceb4f04c62a5] INFO  o.eclipse.m2e.core.internal.Bundles - 	Entry: C:\Users\biswa\.p2\pool\plugins\javax.annotation_1.3.5.v20200909-1856.jar
2025-11-06 16:11:05,069 [Worker-0: Launching mavenrun-48de8c89-e2e2-4190-a3e2-ceb4f04c62a5] INFO  o.eclipse.m2e.core.internal.Bundles - getClasspathEntries(Bundle=org.apache.commons.cli_1.9.0 [76])
2025-11-06 16:11:05,070 [Worker-0: Launching mavenrun-48de8c89-e2e2-4190-a3e2-ceb4f04c62a5] INFO  o.eclipse.m2e.core.internal.Bundles - 	Entry: C:\Users\biswa\.p2\pool\plugins\org.apache.commons.cli_1.9.0.jar
2025-11-06 16:11:05,070 [Worker-0: Launching mavenrun-48de8c89-e2e2-4190-a3e2-ceb4f04c62a5] INFO  o.eclipse.m2e.core.internal.Bundles - getClasspathEntries(Bundle=org.apache.commons.commons-codec_1.16.0 [78])
2025-11-06 16:11:05,070 [Worker-0: Launching mavenrun-48de8c89-e2e2-4190-a3e2-ceb4f04c62a5] INFO  o.eclipse.m2e.core.internal.Bundles - 	Entry: C:\Users\biswa\.p2\pool\plugins\org.apache.commons.commons-codec_1.16.0.jar
2025-11-06 16:11:05,071 [Worker-0: Launching mavenrun-48de8c89-e2e2-4190-a3e2-ceb4f04c62a5] INFO  o.eclipse.m2e.core.internal.Bundles - getClasspathEntries(Bundle=com.google.guava.failureaccess_1.0.3 [19])
2025-11-06 16:11:05,071 [Worker-0: Launching mavenrun-48de8c89-e2e2-4190-a3e2-ceb4f04c62a5] INFO  o.eclipse.m2e.core.internal.Bundles - 	Entry: C:\Users\biswa\.p2\pool\plugins\com.google.guava.failureaccess_1.0.3.jar
2025-11-06 16:11:05,072 [Worker-0: Launching mavenrun-48de8c89-e2e2-4190-a3e2-ceb4f04c62a5] INFO  o.e.m.i.launch.MavenLaunchDelegate - Run build in "C:\Users\biswa\AppData\Local\Temp\m2e-archetypeGenerator623721859196342448":
2025-11-06 16:11:05,073 [Worker-0: Launching mavenrun-48de8c89-e2e2-4190-a3e2-ceb4f04c62a5] INFO  o.e.m.i.launch.MavenLaunchDelegate -  mvn  -DarchetypeGroupId=org.apache.maven.archetypes -DarchetypeArtifactId=maven-archetype-quickstart -DarchetypeVersion=1.1 -DgroupId=com.kodewala -DartifactId=spring-XML -Dversion=0.0.1-SNAPSHOT -Dpackage=com.kodewala -DoutputDirectory=D:\SpringXML -Dstyle.color=always -U archetype:generate
2025-11-06 16:11:15,467 [Worker-6: Creating maven-archetype-quickstart] INFO  o.e.m.c.i.p.ProjectConfigurationManager - Collecting project info '/pom.xml' D:\SpringXML\spring-XML\pom.xml
2025-11-06 16:11:15,866 [Worker-6: Creating maven-archetype-quickstart] INFO  o.e.m.c.i.l.LifecycleMappingFactory - Using org.eclipse.m2e.jdt.JarLifecycleMapping lifecycle mapping for MavenProject: com.kodewala:spring-XML:0.0.1-SNAPSHOT @ D:\SpringXML\spring-XML\pom.xml.
2025-11-06 16:11:16,486 [Worker-6: Creating maven-archetype-quickstart] INFO  o.e.m.j.i.AbstractJavaProjectConfigurator - Adding source folder /spring-XML/src/main/java
2025-11-06 16:11:16,487 [Worker-6: Creating maven-archetype-quickstart] INFO  o.e.m.j.i.AbstractJavaProjectConfigurator - Adding resource folder /spring-XML/src/main/resources
2025-11-06 16:11:16,492 [Worker-6: Creating maven-archetype-quickstart] INFO  o.e.m.j.i.AbstractJavaProjectConfigurator - Adding source folder /spring-XML/src/test/java
2025-11-06 16:11:16,493 [Worker-6: Creating maven-archetype-quickstart] INFO  o.e.m.j.i.AbstractJavaProjectConfigurator - Adding resource folder /spring-XML/src/test/resources
2025-11-06 16:11:16,542 [Worker-6: Creating maven-archetype-quickstart] INFO  o.e.m.c.i.p.ProjectConfigurationManager - Imported and configured 1 project(s) in 1 sec
2025-11-06 16:11:16,799 [Worker-6: Building] INFO  o.a.m.s.f.DefaultMavenResourcesFiltering - skip non existing resourceDirectory D:\SpringXML\spring-XML\src\main\resources
2025-11-06 16:11:16,807 [Worker-6: Building] INFO  o.a.m.s.f.DefaultMavenResourcesFiltering - skip non existing resourceDirectory D:\SpringXML\spring-XML\src\test\resources
2025-11-06 16:11:36,266 [Worker-12: Building] INFO  o.a.m.s.f.DefaultMavenResourcesFiltering - skip non existing resourceDirectory D:\SpringXML\spring-XML\src\main\resources
2025-11-06 16:11:36,269 [Worker-12: Building] INFO  o.a.m.s.f.DefaultMavenResourcesFiltering - skip non existing resourceDirectory D:\SpringXML\spring-XML\src\test\resources
2025-11-06 16:11:57,413 [Worker-12: Building] INFO  o.a.m.s.f.DefaultMavenResourcesFiltering - skip non existing resourceDirectory D:\SpringXML\spring-XML\src\main\resources
2025-11-06 16:11:57,417 [Worker-12: Building] INFO  o.a.m.s.f.DefaultMavenResourcesFiltering - skip non existing resourceDirectory D:\SpringXML\spring-XML\src\test\resources
2025-11-06 16:14:54,251 [Worker-7: Building] INFO  o.a.m.s.f.DefaultMavenResourcesFiltering - skip non existing resourceDirectory D:\SpringXML\spring-XML\src\main\resources
2025-11-06 16:14:54,253 [Worker-7: Building] INFO  o.a.m.s.f.DefaultMavenResourcesFiltering - skip non existing resourceDirectory D:\SpringXML\spring-XML\src\test\resources
2025-11-06 16:16:00,143 [Worker-17: Building] INFO  o.a.m.s.f.DefaultMavenResourcesFiltering - skip non existing resourceDirectory D:\SpringXML\spring-XML\src\main\resources
2025-11-06 16:16:00,146 [Worker-17: Building] INFO  o.a.m.s.f.DefaultMavenResourcesFiltering - skip non existing resourceDirectory D:\SpringXML\spring-XML\src\test\resources
2025-11-06 16:17:12,530 [Worker-17: Building] INFO  o.a.m.s.f.DefaultMavenResourcesFiltering - skip non existing resourceDirectory D:\SpringXML\spring-XML\src\main\resources
2025-11-06 16:17:12,533 [Worker-17: Building] INFO  o.a.m.s.f.DefaultMavenResourcesFiltering - skip non existing resourceDirectory D:\SpringXML\spring-XML\src\test\resources
2025-11-06 16:17:46,706 [Worker-8: Building] INFO  o.a.m.s.f.DefaultMavenResourcesFiltering - skip non existing resourceDirectory D:\SpringXML\spring-XML\src\main\resources
2025-11-06 16:17:46,710 [Worker-8: Building] INFO  o.a.m.s.f.DefaultMavenResourcesFiltering - skip non existing resourceDirectory D:\SpringXML\spring-XML\src\test\resources
2025-11-06 16:19:52,216 [Worker-17: Building] INFO  o.a.m.s.f.DefaultMavenResourcesFiltering - skip non existing resourceDirectory D:\SpringXML\spring-XML\src\main\resources
2025-11-06 16:19:52,218 [Worker-17: Building] INFO  o.a.m.s.f.DefaultMavenResourcesFiltering - skip non existing resourceDirectory D:\SpringXML\spring-XML\src\test\resources
2025-11-06 16:20:58,087 [Worker-16: Building] INFO  o.a.m.s.f.DefaultMavenResourcesFiltering - skip non existing resourceDirectory D:\SpringXML\spring-XML\src\main\resources
2025-11-06 16:20:58,089 [Worker-16: Building] INFO  o.a.m.s.f.DefaultMavenResourcesFiltering - skip non existing resourceDirectory D:\SpringXML\spring-XML\src\test\resources
2025-11-06 16:29:26,226 [Worker-28: Building] INFO  o.a.m.s.f.DefaultMavenResourcesFiltering - skip non existing resourceDirectory D:\SpringXML\spring-XML\src\main\resources
2025-11-06 16:29:26,230 [Worker-28: Building] INFO  o.a.m.s.f.DefaultMavenResourcesFiltering - skip non existing resourceDirectory D:\SpringXML\spring-XML\src\test\resources
2025-11-06 16:32:19,840 [Worker-16: Building] INFO  o.a.m.s.f.DefaultMavenResourcesFiltering - skip non existing resourceDirectory D:\SpringXML\spring-XML\src\main\resources
2025-11-06 16:32:19,842 [Worker-16: Building] INFO  o.a.m.s.f.DefaultMavenResourcesFiltering - skip non existing resourceDirectory D:\SpringXML\spring-XML\src\test\resources
2025-11-06 16:34:51,579 [Worker-27: Building] INFO  o.a.m.s.f.DefaultMavenResourcesFiltering - skip non existing resourceDirectory D:\SpringXML\spring-XML\src\main\resources
2025-11-06 16:34:51,581 [Worker-27: Building] INFO  o.a.m.s.f.DefaultMavenResourcesFiltering - skip non existing resourceDirectory D:\SpringXML\spring-XML\src\test\resources
2025-11-06 16:36:09,838 [Worker-27: Building] INFO  o.a.m.s.f.DefaultMavenResourcesFiltering - skip non existing resourceDirectory D:\SpringXML\spring-XML\src\main\resources
2025-11-06 16:36:09,840 [Worker-27: Building] INFO  o.a.m.s.f.DefaultMavenResourcesFiltering - skip non existing resourceDirectory D:\SpringXML\spring-XML\src\test\resources
2025-11-06 16:36:12,698 [Worker-26: Building] INFO  o.a.m.s.f.DefaultMavenResourcesFiltering - skip non existing resourceDirectory D:\SpringXML\spring-XML\src\main\resources
2025-11-06 16:36:12,701 [Worker-26: Building] INFO  o.a.m.s.f.DefaultMavenResourcesFiltering - skip non existing resourceDirectory D:\SpringXML\spring-XML\src\test\resources
2025-11-06 16:40:01,286 [Worker-27: Building] INFO  o.e.m.c.i.l.LifecycleMappingFactory - Using org.eclipse.m2e.jdt.JarLifecycleMapping lifecycle mapping for MavenProject: com.kodewala:spring-XML:0.0.1-SNAPSHOT @ D:\SpringXML\spring-XML\pom.xml.
2025-11-06 16:40:01,548 [Worker-27: Building] INFO  o.a.m.s.f.DefaultMavenResourcesFiltering - skip non existing resourceDirectory D:\SpringXML\spring-XML\src\main\resources
2025-11-06 16:40:01,553 [Worker-27: Building] INFO  o.a.m.s.f.DefaultMavenResourcesFiltering - skip non existing resourceDirectory D:\SpringXML\spring-XML\src\test\resources
2025-11-06 16:40:03,120 [Worker-27: Building] INFO  o.a.m.s.f.DefaultMavenResourcesFiltering - skip non existing resourceDirectory D:\SpringXML\spring-XML\src\main\resources
2025-11-06 16:40:03,122 [Worker-27: Building] INFO  o.a.m.s.f.DefaultMavenResourcesFiltering - skip non existing resourceDirectory D:\SpringXML\spring-XML\src\test\resources
2025-11-06 16:40:52,926 [Worker-28: Building] INFO  o.a.m.s.f.DefaultMavenResourcesFiltering - skip non existing resourceDirectory D:\SpringXML\spring-XML\src\main\resources
2025-11-06 16:40:52,927 [Worker-28: Building] INFO  o.a.m.s.f.DefaultMavenResourcesFiltering - skip non existing resourceDirectory D:\SpringXML\spring-XML\src\test\resources
2025-11-06 16:45:47,253 [Worker-5: Loading available Gradle versions] INFO  o.e.b.c.i.u.g.PublishedGradleVersions - Gradle version information cache is up-to-date. Trying to read.
2025-11-06 16:46:37,460 [Worker-2: Building] INFO  o.a.m.s.f.DefaultMavenResourcesFiltering - skip non existing resourceDirectory D:\SpringXML\spring-XML\src\main\resources
2025-11-06 16:46:37,467 [Worker-2: Building] INFO  o.a.m.s.f.DefaultMavenResourcesFiltering - skip non existing resourceDirectory D:\SpringXML\spring-XML\src\test\resources
2025-11-06 16:47:41,336 [Worker-14: Building] INFO  o.a.m.s.f.DefaultMavenResourcesFiltering - skip non existing resourceDirectory D:\SpringXML\spring-XML\src\main\resources
2025-11-06 16:47:41,340 [Worker-14: Building] INFO  o.a.m.s.f.DefaultMavenResourcesFiltering - skip non existing resourceDirectory D:\SpringXML\spring-XML\src\test\resources
2025-11-06 16:48:44,611 [Worker-14: Building] INFO  o.a.m.s.f.DefaultMavenResourcesFiltering - skip non existing resourceDirectory D:\SpringXML\spring-XML\src\main\resources
2025-11-06 16:48:44,615 [Worker-14: Building] INFO  o.a.m.s.f.DefaultMavenResourcesFiltering - skip non existing resourceDirectory D:\SpringXML\spring-XML\src\test\resources
2025-11-06 16:48:58,150 [Worker-14: Building] INFO  o.a.m.s.f.DefaultMavenResourcesFiltering - skip non existing resourceDirectory D:\SpringXML\spring-XML\src\main\resources
2025-11-06 16:48:58,152 [Worker-14: Building] INFO  o.a.m.s.f.DefaultMavenResourcesFiltering - skip non existing resourceDirectory D:\SpringXML\spring-XML\src\test\resources
2025-11-06 16:49:04,631 [Worker-18: Building] INFO  o.a.m.s.f.DefaultMavenResourcesFiltering - skip non existing resourceDirectory D:\SpringXML\spring-XML\src\main\resources
2025-11-06 16:49:04,634 [Worker-18: Building] INFO  o.a.m.s.f.DefaultMavenResourcesFiltering - skip non existing resourceDirectory D:\SpringXML\spring-XML\src\test\resources
2025-11-06 16:51:41,333 [Worker-16: Building] INFO  o.a.m.s.f.DefaultMavenResourcesFiltering - skip non existing resourceDirectory D:\SpringXML\spring-XML\src\main\resources
2025-11-06 16:51:41,338 [Worker-16: Building] INFO  o.a.m.s.f.DefaultMavenResourcesFiltering - skip non existing resourceDirectory D:\SpringXML\spring-XML\src\test\resources
2025-11-06 16:52:42,988 [Worker-24: Building] INFO  o.e.m.c.i.l.LifecycleMappingFactory - Using org.eclipse.m2e.jdt.JarLifecycleMapping lifecycle mapping for MavenProject: com.kodewala:spring-XML:0.0.1-SNAPSHOT @ D:\SpringXML\spring-XML\pom.xml.
2025-11-06 16:52:43,254 [Worker-24: Building] INFO  o.a.m.s.f.DefaultMavenResourcesFiltering - skip non existing resourceDirectory D:\SpringXML\spring-XML\src\main\resources
2025-11-06 16:52:43,258 [Worker-24: Building] INFO  o.a.m.s.f.DefaultMavenResourcesFiltering - skip non existing resourceDirectory D:\SpringXML\spring-XML\src\test\resources
2025-11-06 16:52:44,940 [Worker-24: Building] INFO  o.a.m.s.f.DefaultMavenResourcesFiltering - skip non existing resourceDirectory D:\SpringXML\spring-XML\src\main\resources
2025-11-06 16:52:44,943 [Worker-24: Building] INFO  o.a.m.s.f.DefaultMavenResourcesFiltering - skip non existing resourceDirectory D:\SpringXML\spring-XML\src\test\resources
2025-11-06 16:53:30,738 [Worker-25: Building] INFO  o.a.m.s.f.DefaultMavenResourcesFiltering - skip non existing resourceDirectory D:\SpringXML\spring-XML\src\main\resources
2025-11-06 16:53:30,740 [Worker-25: Building] INFO  o.a.m.s.f.DefaultMavenResourcesFiltering - skip non existing resourceDirectory D:\SpringXML\spring-XML\src\test\resources
2025-11-06 16:54:38,364 [Worker-16: Building] INFO  o.a.m.s.f.DefaultMavenResourcesFiltering - skip non existing resourceDirectory D:\SpringXML\spring-XML\src\main\resources
2025-11-06 16:54:38,366 [Worker-16: Building] INFO  o.a.m.s.f.DefaultMavenResourcesFiltering - skip non existing resourceDirectory D:\SpringXML\spring-XML\src\test\resources
2025-11-06 16:55:00,436 [Worker-26: Building] INFO  o.a.m.s.f.DefaultMavenResourcesFiltering - skip non existing resourceDirectory D:\SpringXML\spring-XML\src\main\resources
2025-11-06 16:55:00,439 [Worker-26: Building] INFO  o.a.m.s.f.DefaultMavenResourcesFiltering - skip non existing resourceDirectory D:\SpringXML\spring-XML\src\test\resources
2025-11-06 16:55:47,625 [Worker-23: Building] INFO  o.a.m.s.f.DefaultMavenResourcesFiltering - skip non existing resourceDirectory D:\SpringXML\spring-XML\src\main\resources
2025-11-06 16:55:47,627 [Worker-23: Building] INFO  o.a.m.s.f.DefaultMavenResourcesFiltering - skip non existing resourceDirectory D:\SpringXML\spring-XML\src\test\resources
2025-11-06 16:57:20,813 [Worker-26: Building] INFO  o.a.m.s.f.DefaultMavenResourcesFiltering - skip non existing resourceDirectory D:\SpringXML\spring-XML\src\main\resources
2025-11-06 16:57:20,815 [Worker-26: Building] INFO  o.a.m.s.f.DefaultMavenResourcesFiltering - skip non existing resourceDirectory D:\SpringXML\spring-XML\src\test\resources
